<?xml version="1.0" encoding="UTF-8"?>
<!-- Generated by org.testng.reporters.JUnitReportReporter -->
<testsuite hostname="DESKTOP-5JS9BGE" failures="0" tests="4" name="runners.TestRunner" time="304.875" errors="0" timestamp="2023-03-19T11:42:21 IST" skipped="0">
  <testcase classname="runners.TestRunner" name="runScenario" time="76.619"/>
  <system-out/>
  <testcase classname="runners.TestRunner" name="runScenario" time="76.303"/>
  <system-out/>
  <testcase classname="runners.TestRunner" name="runScenario" time="76.560"/>
  <system-out/>
  <testcase classname="runners.TestRunner" name="runScenario" time="75.393"/>
  <system-out/>
</testsuite> <!-- runners.TestRunner -->
